<?xml version="1.0" encoding="UTF-8"?>
<testsuite name="PermissionManagerTest" tests="2" skipped="0" failures="0" errors="0" timestamp="2023-09-27T18:59:18" hostname="LAPTOP-49P1VB8M" time="0.075">
  <properties/>
  <testcase name="testGetRoleName()" classname="PermissionManagerTest" time="0.068"/>
  <testcase name="testSetPermissionLevel()" classname="PermissionManagerTest" time="0.003"/>
  <system-out><![CDATA[]]></system-out>
  <system-err><![CDATA[]]></system-err>
</testsuite>
